[2015-03-15 16:22:35] normal.INFO: Starting the daily report generator... [] []
[2015-03-15 16:24:30] normal.INFO: Starting the daily report generator... [] []
[2015-03-15 16:24:43] normal.INFO: Starting the daily report generator... [] []
[2015-03-15 16:25:06] normal.INFO: Starting the daily report generator... [] []
[2015-03-15 16:26:35] normal.INFO: Starting the daily report generator... [] []
[2015-03-15 16:27:42] normal.INFO: Starting the daily report generator... [] []
[2015-03-15 16:28:12] normal.INFO: Starting the daily report generator... [] []
[2015-03-15 16:28:23] normal.INFO: Starting the daily report generator... [] []
[2015-03-15 16:28:36] normal.INFO: Starting the daily report generator... [] []
[2015-03-15 16:28:48] normal.INFO: Starting the daily report generator... [] []
[2015-03-15 16:29:11] normal.INFO: Starting the daily report generator... [] []
[2015-03-15 16:29:26] normal.INFO: Starting the daily report generator... [] []
[2015-03-15 16:29:33] normal.INFO: Starting the daily report generator... [] []
[2015-03-15 16:29:57] normal.INFO: Starting the daily report generator... [] []
[2015-03-15 16:30:11] normal.INFO: Starting the daily report generator... [] []
[2015-03-15 16:30:22] normal.INFO: Starting the daily report generator... [] []
[2015-03-15 16:30:33] normal.INFO: Starting the daily report generator... [] []
[2015-03-15 16:31:31] normal.INFO: Starting the daily report generator... [] []
[2015-03-15 16:31:38] normal.INFO: Starting the daily report generator... [] []
[2015-03-15 16:33:01] normal.INFO: Starting the daily report generator... [] []
[2015-03-15 16:33:01] normal.INFO: Compiling data, and converting all amounts to GBP... [] []
[2015-03-15 16:33:01] normal.INFO: daiy report generator complete, 1 records found. have a lovely day! [] []
[2015-03-15 16:33:27] normal.INFO: Starting the daily report generator... [] []
[2015-03-15 16:33:27] normal.INFO: Compiling data, and converting all amounts to GBP... [] []
[2015-03-15 16:33:27] normal.INFO: daiy report generator complete, 1 records found. have a lovely day! [] []
[2015-03-15 16:34:19] normal.INFO: Starting the daily report generator... [] []
[2015-03-15 16:34:19] normal.INFO: Compiling data, and converting all amounts to GBP... [] []
[2015-03-15 16:34:19] normal.INFO: daiy report generator complete, 1 records found. have a lovely day! [] []
[2015-03-15 16:34:31] normal.INFO: Starting the daily report generator... [] []
[2015-03-15 16:34:31] normal.INFO: Compiling data, and converting all amounts to GBP... [] []
[2015-03-15 16:34:31] normal.INFO: daiy report generator complete, 1 records found. have a lovely day! [] []
[2015-03-15 16:40:35] normal.INFO: Starting the daily report generator... [] []
[2015-03-15 16:40:35] normal.INFO: Compiling data, and converting all amounts to GBP... [] []
[2015-03-15 16:40:35] normal.INFO: daiy report generator complete, 1 records found. have a lovely day! [] []
[2015-03-15 16:40:55] normal.INFO: Starting the daily report generator... [] []
[2015-03-15 16:40:55] normal.INFO: Compiling data, and converting all amounts to GBP... [] []
[2015-03-15 16:43:54] normal.INFO: Starting the daily report generator... [] []
[2015-03-15 16:43:54] normal.INFO: Compiling data, and converting all amounts to GBP... [] []
[2015-03-15 16:45:11] normal.INFO: Starting the daily report generator... [] []
[2015-03-15 16:45:11] normal.INFO: Compiling data, and converting all amounts to GBP... [] []
[2015-03-15 16:45:20] normal.INFO: Starting the daily report generator... [] []
[2015-03-15 16:45:20] normal.INFO: Compiling data, and converting all amounts to GBP... [] []
[2015-03-15 16:45:39] normal.INFO: Starting the daily report generator... [] []
[2015-03-15 16:45:39] normal.INFO: Compiling data, and converting all amounts to GBP... [] []
[2015-03-15 16:46:09] normal.INFO: Starting the daily report generator... [] []
[2015-03-15 16:46:09] normal.INFO: Compiling data, and converting all amounts to GBP... [] []
[2015-03-15 16:46:09] normal.INFO: daiy report generator complete, 1 records found. have a lovely day! [] []
[2015-03-15 16:50:37] normal.INFO: Starting the daily report generator... [] []
[2015-03-15 16:50:37] normal.INFO: Compiling data, and converting all amounts to GBP... [] []
[2015-03-15 16:50:37] normal.INFO: daiy report generator complete, 3 records found. have a lovely day! [] []
[2015-03-15 16:51:05] normal.INFO: Starting the daily report generator... [] []
[2015-03-15 16:51:05] normal.INFO: Compiling data, and converting all amounts to GBP... [] []
[2015-03-15 16:51:05] normal.INFO: daiy report generator complete, 0 records found. have a lovely day! [] []
[2015-03-15 16:51:22] normal.INFO: Starting the daily report generator... [] []
[2015-03-15 16:51:22] normal.INFO: Compiling data, and converting all amounts to GBP... [] []
[2015-03-15 16:51:22] normal.INFO: daiy report generator complete, 3 records found. have a lovely day! [] []
[2015-03-15 16:51:39] normal.INFO: Starting the daily report generator... [] []
[2015-03-15 16:51:47] normal.INFO: Starting the daily report generator... [] []
[2015-03-15 16:51:47] normal.INFO: Compiling data, and converting all amounts to GBP... [] []
[2015-03-15 16:52:07] normal.INFO: Starting the daily report generator... [] []
[2015-03-15 16:52:07] normal.INFO: Compiling data, and converting all amounts to GBP... [] []
[2015-03-15 16:52:12] normal.INFO: Starting the daily report generator... [] []
[2015-03-15 16:52:12] normal.INFO: Compiling data, and converting all amounts to GBP... [] []
[2015-03-15 16:53:37] normal.INFO: Starting the daily report generator... [] []
[2015-03-15 16:53:37] normal.INFO: Compiling data, and converting all amounts to GBP... [] []
[2015-03-15 16:53:49] normal.INFO: Starting the daily report generator... [] []
[2015-03-15 16:53:49] normal.INFO: Compiling data, and converting all amounts to GBP... [] []
[2015-03-15 16:55:01] normal.INFO: Starting the daily report generator... [] []
[2015-03-15 16:55:01] normal.INFO: Compiling data, and converting all amounts to GBP... [] []
[2015-03-15 16:55:01] normal.INFO: daiy report generator complete, 2 records found. have a lovely day! [] []
[2015-03-15 16:55:19] normal.INFO: Starting the daily report generator... [] []
[2015-03-15 16:55:19] normal.INFO: Compiling data, and converting all amounts to GBP... [] []
[2015-03-15 16:55:53] normal.INFO: Starting the daily report generator... [] []
[2015-03-15 16:55:53] normal.INFO: Compiling data, and converting all amounts to GBP... [] []
[2015-03-15 16:56:03] normal.INFO: Starting the daily report generator... [] []
[2015-03-15 16:56:03] normal.INFO: Compiling data, and converting all amounts to GBP... [] []
[2015-03-15 17:04:13] normal.INFO: Starting the daily report generator... [] []
[2015-03-15 17:04:13] normal.INFO: Compiling data, and converting all amounts to GBP... [] []
[2015-03-15 17:04:29] normal.INFO: Starting the daily report generator... [] []
[2015-03-15 17:04:29] normal.INFO: Compiling data, and converting all amounts to GBP... [] []
[2015-03-15 17:06:52] normal.INFO: Starting the daily report generator... [] []
[2015-03-15 17:06:52] normal.INFO: Compiling data, and converting all amounts to GBP... [] []
[2015-03-15 17:07:11] normal.INFO: Starting the daily report generator... [] []
[2015-03-15 17:07:11] normal.INFO: Compiling data, and converting all amounts to GBP... [] []
[2015-03-15 17:07:11] normal.INFO: daiy report generator complete, 5 records found. have a lovely day! [] []
[2015-03-15 17:07:56] normal.INFO: Starting the daily report generator... [] []
[2015-03-15 17:07:56] normal.INFO: Compiling data, and converting all amounts to GBP... [] []
[2015-03-15 17:08:25] normal.INFO: Starting the daily report generator... [] []
[2015-03-15 17:08:25] normal.INFO: Compiling data, and converting all amounts to GBP... [] []
[2015-03-15 17:08:25] normal.INFO: daiy report generator complete, 3 records found. have a lovely day! [] []
[2015-03-15 17:08:57] normal.INFO: Starting the daily report generator... [] []
[2015-03-15 17:08:57] normal.INFO: Compiling data, and converting all amounts to GBP... [] []
[2015-03-15 17:08:57] normal.INFO: daiy report generator complete, 3 records found. have a lovely day! [] []
[2015-03-15 17:09:07] normal.INFO: Starting the daily report generator... [] []
[2015-03-15 17:09:07] normal.INFO: Compiling data, and converting all amounts to GBP... [] []
[2015-03-15 17:09:07] normal.INFO: daiy report generator complete, 5 records found. have a lovely day! [] []
[2015-03-15 17:10:48] normal.INFO: Starting the daily report generator... [] []
[2015-03-15 17:10:48] normal.INFO: Compiling data, and converting all amounts to GBP... [] []
[2015-03-15 17:10:54] normal.INFO: Starting the daily report generator... [] []
[2015-03-15 17:10:54] normal.INFO: Compiling data, and converting all amounts to GBP... [] []
[2015-03-15 17:11:10] normal.INFO: Starting the daily report generator... [] []
[2015-03-15 17:11:10] normal.INFO: Compiling data, and converting all amounts to GBP... [] []
[2015-03-15 17:11:42] normal.INFO: Starting the daily report generator... [] []
[2015-03-15 17:11:42] normal.INFO: Compiling data, and converting all amounts to GBP... [] []
[2015-03-15 17:11:47] normal.INFO: Starting the daily report generator... [] []
[2015-03-15 17:11:47] normal.INFO: Compiling data, and converting all amounts to GBP... [] []
[2015-03-15 17:12:34] normal.INFO: Starting the daily report generator... [] []
[2015-03-15 17:12:34] normal.INFO: Compiling data, and converting all amounts to GBP... [] []
[2015-03-15 17:12:34] normal.INFO: daiy report generator complete, 2 records found. have a lovely day! [] []
[2015-03-15 17:12:49] normal.INFO: Starting the daily report generator... [] []
[2015-03-15 17:12:49] normal.INFO: Compiling data, and converting all amounts to GBP... [] []
[2015-03-15 17:12:49] normal.INFO: daiy report generator complete, 2 records found. have a lovely day! [] []
[2015-03-15 17:13:01] normal.INFO: Starting the daily report generator... [] []
[2015-03-15 17:14:11] normal.INFO: Starting the daily report generator... [] []
[2015-03-15 17:14:11] normal.INFO: Compiling data, and converting all amounts to GBP... [] []
[2015-03-15 17:14:11] normal.INFO: daiy report generator complete, 2 records found. have a lovely day! [] []
[2015-03-15 17:14:18] normal.INFO: Starting the daily report generator... [] []
[2015-03-15 17:14:18] normal.INFO: Compiling data, and converting all amounts to GBP... [] []
[2015-03-15 17:14:18] normal.INFO: daiy report generator complete, 2 records found. have a lovely day! [] []
[2015-03-15 17:14:43] normal.INFO: Starting the daily report generator... [] []
[2015-03-15 17:14:59] normal.INFO: Starting the daily report generator... [] []
[2015-03-15 17:14:59] normal.INFO: Compiling data, and converting all amounts to GBP... [] []
[2015-03-15 17:14:59] normal.INFO: daiy report generator complete, 2 records found. have a lovely day! [] []
[2015-03-15 17:18:05] normal.INFO: Starting the daily report generator... [] []
[2015-03-15 17:18:05] normal.INFO: Compiling data, and converting all amounts to GBP... [] []
[2015-03-15 17:18:05] normal.INFO: daiy report generator complete, 2 records found. have a lovely day! [] []
[2015-03-15 17:18:10] normal.INFO: Starting the daily report generator... [] []
[2015-03-15 17:18:24] normal.INFO: Starting the daily report generator... [] []
[2015-03-15 17:18:24] normal.INFO: Compiling data, and converting all amounts to GBP... [] []
[2015-03-15 17:18:24] normal.INFO: daiy report generator complete, 2 records found. have a lovely day! [] []
[2015-03-15 17:35:57] normal.INFO: Starting the daily report generator... [] []
[2015-03-15 17:38:04] normal.INFO: Starting the daily report generator... [] []
[2015-03-15 17:41:48] normal.INFO: Starting the daily report generator... [] []
[2015-03-15 17:42:08] normal.INFO: Starting the daily report generator... [] []
[2015-03-15 17:45:44] normal.INFO: Starting the daily report generator... [] []
[2015-03-15 18:01:35] normal.INFO: Starting the daily report generator... [] []
[2015-03-15 18:01:35] normal.INFO: Compiling data, and converting all amounts to GBP... [] []
[2015-03-15 18:03:17] normal.INFO: Starting the daily report generator... [] []
[2015-03-15 18:03:17] normal.INFO: Compiling data, and converting all amounts to GBP... [] []
[2015-03-15 18:03:17] normal.INFO: Report generated succesfully, 2 records found. have a lovely day! [] []
[2015-03-15 18:23:10] normal.INFO: Starting the daily report generator... [] []
[2015-03-15 18:23:10] normal.INFO: Compiling data, and converting all amounts to EUR... [] []
[2015-03-15 18:23:10] normal.INFO: Report generated succesfully, 2 records found. have a lovely day! [] []
[2015-03-15 18:25:08] normal.INFO: Starting the daily report generator... [] []
[2015-03-15 18:25:08] normal.INFO: Compiling data, and converting all amounts to EUR... [] []
[2015-03-15 18:25:08] normal.INFO: Report generated succesfully, 2 records found. have a lovely day! [] []
[2015-03-15 18:26:34] normal.INFO: Starting the daily report generator... [] []
[2015-03-15 18:26:34] normal.INFO: Compiling data, and converting all amounts to USD... [] []
[2015-03-15 18:26:34] normal.INFO: Report generated succesfully, 2 records found. have a lovely day! [] []
[2015-03-15 19:23:10] noormal.INFO: Starting the daily report generator... [] []
[2015-03-15 19:23:10] noormal.INFO: Compiling data, and converting all amounts to USD... [] []
[2015-03-15 19:23:10] noormal.INFO: Report generated succesfully, 2 records found. have a lovely day! [] []
[2015-03-15 19:23:32] noormal.INFO: Starting the daily report generator... [] []
[2015-03-15 19:23:32] noormal.INFO: Compiling data, and converting all amounts to USD... [] []
[2015-03-15 19:23:32] noormal.INFO: Report generated succesfully, 1 records found. have a lovely day! [] []
[2015-03-15 19:23:52] noormal.INFO: Starting the report generator... [] []
[2015-03-15 19:23:52] noormal.INFO: Compiling data, and converting all amounts to USD... [] []
[2015-03-15 19:23:52] noormal.INFO: Report generated succesfully, 1 records found. have a lovely day! [] []
[2015-03-15 19:24:04] noormal.INFO: Starting the report generator... [] []
[2015-03-15 19:24:04] noormal.INFO: Compiling data, and converting all amounts to EUR... [] []
[2015-03-15 19:24:04] noormal.INFO: Report generated succesfully, 1 records found. have a lovely day! [] []
[2015-03-15 19:37:16] noormal.INFO: Starting the report generator... [] []
[2015-03-15 19:37:28] noormal.INFO: Starting the report generator... [] []
[2015-03-15 19:37:58] noormal.INFO: Starting the report generator... [] []
[2015-03-15 19:38:15] noormal.INFO: Starting the report generator... [] []
[2015-03-15 19:38:33] noormal.INFO: Starting the report generator... [] []
[2015-03-15 19:38:52] noormal.INFO: Starting the report generator... [] []
[2015-03-15 19:39:12] noormal.INFO: Starting the report generator... [] []
[2015-03-15 19:39:31] noormal.INFO: Starting the report generator... [] []
[2015-03-15 19:39:31] noormal.INFO: Compiling data, and converting all amounts to GBP... [] []
[2015-03-15 19:39:31] noormal.INFO: Report generated succesfully, 2 records found. have a lovely day! [] []
[2015-03-15 19:39:59] noormal.INFO: Starting the report generator... [] []
[2015-03-15 19:39:59] noormal.INFO: Compiling data, and converting all amounts to EUR... [] []
[2015-03-15 19:39:59] noormal.INFO: Report generated succesfully, 1 records found. have a lovely day! [] []
[2015-03-15 19:40:24] noormal.INFO: Starting the report generator... [] []
[2015-03-15 19:40:24] noormal.INFO: Compiling data, and converting all amounts to USD... [] []
[2015-03-15 19:40:24] noormal.INFO: Report generated succesfully, 1 records found. have a lovely day! [] []
[2015-06-09 19:39:11] noormal.INFO: Starting the report generator... [] []
[2015-06-09 19:42:35] noormal.INFO: Starting the report generator... [] []
[2015-06-09 19:42:35] noormal.INFO: Compiling data, and converting all amounts to GBP... [] []
[2015-06-09 19:46:44] noormal.INFO: Starting the report generator... [] []
[2015-06-09 19:46:44] noormal.INFO: Compiling data, and converting all amounts to GBP... [] []
[2015-06-09 19:48:34] noormal.INFO: Starting the report generator... [] []
[2015-06-09 19:48:34] noormal.INFO: Compiling data, and converting all amounts to GBP... [] []
[2015-06-09 19:48:34] noormal.INFO: Report generated succesfully, 2 records found. have a lovely day! [] []
